CLIENT_HANDSHAKE_TRAFFIC_SECRET 60aba171db28d727d7999301f9f566f285db4df8ff91418b53c2bdbefb951106 567a60c14f6301df4d5b71e8c1e4e40f1b42029c868cf50f960d2417908f02180f809d4542a535ba1edbc9553ce9e6ab
SERVER_HANDSHAKE_TRAFFIC_SECRET 60aba171db28d727d7999301f9f566f285db4df8ff91418b53c2bdbefb951106 8c802f1bda4246e15817c46f5fe34ec574b71792a9140671c7c5b050964b81f34660ccef08f62436c7dc04401d31f72a
EXPORTER_SECRET 60aba171db28d727d7999301f9f566f285db4df8ff91418b53c2bdbefb951106 f99f5ef23b748ab30e0c4a6e18e57522c13ccd89372811d37206ea0608abd7b52611d4a9f44e9d0e65aa78374ab46b6c
CLIENT_TRAFFIC_SECRET_0 60aba171db28d727d7999301f9f566f285db4df8ff91418b53c2bdbefb951106 7d17b09a03d857c7fe5705835b54777ae476336277ab6ab2a316b2ea69057b984988fd98f49b75f76779c4cf72f104b0
SERVER_TRAFFIC_SECRET_0 60aba171db28d727d7999301f9f566f285db4df8ff91418b53c2bdbefb951106 8bab0379b5b091eaa3e15fb84907d1e5e64660bcd5edf25a6b91a5cce4a8d6fd713658715cd7774bf51220aaaffc6cff
CLIENT_HANDSHAKE_TRAFFIC_SECRET 4918330bc2ef59c404a8442a3d9b66221ed9408a4d278caae777fac2bab77b08 dc673baae6ec082085302ed62ec6754f11a4f3e0eb9aff14d69d32348192c5df4c769009294c4dfb198e05809868f032
SERVER_HANDSHAKE_TRAFFIC_SECRET 4918330bc2ef59c404a8442a3d9b66221ed9408a4d278caae777fac2bab77b08 6f5f28047f0220ed1dbba1ae352aebce24a9da16af0d7f7f435453c88c0066b0e9ebc6df74b48cce469bef8c4718c059
EXPORTER_SECRET 4918330bc2ef59c404a8442a3d9b66221ed9408a4d278caae777fac2bab77b08 33a536f073f9a87d1badfb73c8281a60b81738e5dbb9d8c2acb1ad99a32181e4be10fc0c8be785e4a3e4b31f8489aaee
CLIENT_TRAFFIC_SECRET_0 4918330bc2ef59c404a8442a3d9b66221ed9408a4d278caae777fac2bab77b08 b13596f19a9e7ff218335eb68385cc891b39a1c9749c8c50b5b70d7b2f8431dd827a37587694bf9055c43bf143829c39
SERVER_TRAFFIC_SECRET_0 4918330bc2ef59c404a8442a3d9b66221ed9408a4d278caae777fac2bab77b08 d6c34f7f990370755f8e94a0a26aacab3131b6247500950a1f3c7710c54cf923c0cef03ea1ea1f66d8b1f52db831d62d
CLIENT_HANDSHAKE_TRAFFIC_SECRET 48e48899ceb24b8f534fc46a4144f9a99c20dad2f163b5e2a35c43703fe521ae b1ad571d55b84ef03f469d3759454883d02e8ebebba59282f56f54c505c23d02b17e898f7f40c415f66cb2363bd00f2b
SERVER_HANDSHAKE_TRAFFIC_SECRET 48e48899ceb24b8f534fc46a4144f9a99c20dad2f163b5e2a35c43703fe521ae b80eb86f15ed9e374f628b7130e056a2f375f9cfc3cfe523875fcb477d6327d3c08ae133b2dc0a9bf4bf8ffb6875ebb7
EXPORTER_SECRET 48e48899ceb24b8f534fc46a4144f9a99c20dad2f163b5e2a35c43703fe521ae e15c3d6a5af02057c623166f3215dc7cfff77e47764a61ee0e4c14806b79af25a916ba96c06b952b3920382148ae20d5
CLIENT_TRAFFIC_SECRET_0 48e48899ceb24b8f534fc46a4144f9a99c20dad2f163b5e2a35c43703fe521ae 3e4ce320126038fb22af0789ec2598622477eb86362c58d61960d53c00893544ea16a32ccc7a640035bc175338506031
SERVER_TRAFFIC_SECRET_0 48e48899ceb24b8f534fc46a4144f9a99c20dad2f163b5e2a35c43703fe521ae f715d216f376a7353e6e74c4ee73d31cf3970362002e90695a68da3c0ea487c4bcb4f4881821b142328e9dd7ba213cf4
CLIENT_HANDSHAKE_TRAFFIC_SECRET 956d6243011a216405dc629b537c920bc6d29409441661c32dd4c2a112b78566 3f8e62b55bbf8d1837efbb579f0b07bce8b7c19a39cf5631065c7e506e71d4fdd49799d3d067c6b8bbe0407c897881e0
SERVER_HANDSHAKE_TRAFFIC_SECRET 956d6243011a216405dc629b537c920bc6d29409441661c32dd4c2a112b78566 41b62e5644cb118ffd7353bed89e0b13addbeb3273b00e01a669be578ee9faa05b120d2b14d182be5aa4a174076271b8
EXPORTER_SECRET 956d6243011a216405dc629b537c920bc6d29409441661c32dd4c2a112b78566 07e17b380960a476f5dcae6ecc49652e91afc1049dc09fdcc7fb0af713d5b13dbef7beccb364a73678ba2540a80a7c0b
CLIENT_TRAFFIC_SECRET_0 956d6243011a216405dc629b537c920bc6d29409441661c32dd4c2a112b78566 3f45d56fb8ccc689fa706d1757a4cfc5d04cc78b0c07d9bd775a13a9c0a2beb09bdd14b0388a20b5c2d37a1d54218697
SERVER_TRAFFIC_SECRET_0 956d6243011a216405dc629b537c920bc6d29409441661c32dd4c2a112b78566 45aceb1712dd70887a3b33fa81778273a0428f5e1cc285610cb11239cbc4b24db0a5be7a3f70b5304cff3a9ca67d5d20
